1574723593434	mozrunner::runner	INFO	Running command: "/usr/bin/firefox" "-marionette" "-foreground" "-no-remote" "-profile" "/tmp/rust_mozprofileOkDVTO"
1574723593796	addons.webextension.screenshots@mozilla.org	WARN	Loading extension 'screenshots@mozilla.org': Reading manifest: Invalid extension permission: mozillaAddons
1574723593796	addons.webextension.screenshots@mozilla.org	WARN	Loading extension 'screenshots@mozilla.org': Reading manifest: Invalid extension permission: telemetry
1574723593796	addons.webextension.screenshots@mozilla.org	WARN	Loading extension 'screenshots@mozilla.org': Reading manifest: Invalid extension permission: resource://pdf.js/
1574723593797	addons.webextension.screenshots@mozilla.org	WARN	Loading extension 'screenshots@mozilla.org': Reading manifest: Invalid extension permission: about:reader*
1574723595287	Marionette	INFO	Listening on port 46495
1574723595353	Marionette	WARN	TLS certificate errors will be ignored for this session
1574723606809	Marionette	INFO	Stopped listening on port 46495
1574723827474	mozrunner::runner	INFO	Running command: "/usr/bin/firefox" "-marionette" "-foreground" "-no-remote" "-profile" "/tmp/rust_mozprofileteOZBZ"
1574723827806	addons.webextension.screenshots@mozilla.org	WARN	Loading extension 'screenshots@mozilla.org': Reading manifest: Invalid extension permission: mozillaAddons
1574723827806	addons.webextension.screenshots@mozilla.org	WARN	Loading extension 'screenshots@mozilla.org': Reading manifest: Invalid extension permission: telemetry
1574723827806	addons.webextension.screenshots@mozilla.org	WARN	Loading extension 'screenshots@mozilla.org': Reading manifest: Invalid extension permission: resource://pdf.js/
1574723827806	addons.webextension.screenshots@mozilla.org	WARN	Loading extension 'screenshots@mozilla.org': Reading manifest: Invalid extension permission: about:reader*
1574723829055	Marionette	INFO	Listening on port 33271
1574723829087	Marionette	WARN	TLS certificate errors will be ignored for this session
1574723829127	Marionette	INFO	Stopped listening on port 33271
1574724124809	mozrunner::runner	INFO	Running command: "/usr/bin/firefox" "-marionette" "-foreground" "-no-remote" "-profile" "/tmp/rust_mozprofileyMkxR7"
1574724125167	addons.webextension.screenshots@mozilla.org	WARN	Loading extension 'screenshots@mozilla.org': Reading manifest: Invalid extension permission: mozillaAddons
1574724125167	addons.webextension.screenshots@mozilla.org	WARN	Loading extension 'screenshots@mozilla.org': Reading manifest: Invalid extension permission: telemetry
1574724125167	addons.webextension.screenshots@mozilla.org	WARN	Loading extension 'screenshots@mozilla.org': Reading manifest: Invalid extension permission: resource://pdf.js/
1574724125167	addons.webextension.screenshots@mozilla.org	WARN	Loading extension 'screenshots@mozilla.org': Reading manifest: Invalid extension permission: about:reader*
1574724126769	Marionette	INFO	Listening on port 36965
1574724126820	Marionette	WARN	TLS certificate errors will be ignored for this session
1574724126860	Marionette	INFO	Stopped listening on port 36965
1574724160991	mozrunner::runner	INFO	Running command: "/usr/bin/firefox" "-marionette" "-foreground" "-no-remote" "-profile" "/tmp/rust_mozprofileWqbQt0"
1574724161330	addons.webextension.screenshots@mozilla.org	WARN	Loading extension 'screenshots@mozilla.org': Reading manifest: Invalid extension permission: mozillaAddons
1574724161330	addons.webextension.screenshots@mozilla.org	WARN	Loading extension 'screenshots@mozilla.org': Reading manifest: Invalid extension permission: telemetry
1574724161330	addons.webextension.screenshots@mozilla.org	WARN	Loading extension 'screenshots@mozilla.org': Reading manifest: Invalid extension permission: resource://pdf.js/
1574724161330	addons.webextension.screenshots@mozilla.org	WARN	Loading extension 'screenshots@mozilla.org': Reading manifest: Invalid extension permission: about:reader*
1574724162867	Marionette	INFO	Listening on port 39283
1574724162913	Marionette	WARN	TLS certificate errors will be ignored for this session
1574724166809	Marionette	INFO	Stopped listening on port 39283

(/usr/lib/firefox/firefox:7232): dconf-WARNING **: 23:22:46.882: Unable to open /var/lib/flatpak/exports/share/dconf/profile/user: Отказано в доступе
1574724222336	mozrunner::runner	INFO	Running command: "/usr/bin/firefox" "-marionette" "-foreground" "-no-remote" "-profile" "/tmp/rust_mozprofilePPy9bK"
1574724222655	addons.webextension.screenshots@mozilla.org	WARN	Loading extension 'screenshots@mozilla.org': Reading manifest: Invalid extension permission: mozillaAddons
1574724222655	addons.webextension.screenshots@mozilla.org	WARN	Loading extension 'screenshots@mozilla.org': Reading manifest: Invalid extension permission: telemetry
1574724222655	addons.webextension.screenshots@mozilla.org	WARN	Loading extension 'screenshots@mozilla.org': Reading manifest: Invalid extension permission: resource://pdf.js/
1574724222655	addons.webextension.screenshots@mozilla.org	WARN	Loading extension 'screenshots@mozilla.org': Reading manifest: Invalid extension permission: about:reader*
1574724224119	Marionette	INFO	Listening on port 40127
1574724224157	Marionette	WARN	TLS certificate errors will be ignored for this session
[Parent 7367, Gecko_IOThread] WARNING: pipe error (76): Соединение разорвано другой стороной: file /build/firefox-Jk4LV5/firefox-70.0.1+linuxmint1+tina/ipc/chromium/src/chrome/common/ipc_channel_posix.cc, line 358
1574724320940	Marionette	INFO	Stopped listening on port 40127
1574724368343	mozrunner::runner	INFO	Running command: "/usr/bin/firefox" "-marionette" "-foreground" "-no-remote" "-profile" "/tmp/rust_mozprofileS5sl36"
1574724368693	addons.webextension.screenshots@mozilla.org	WARN	Loading extension 'screenshots@mozilla.org': Reading manifest: Invalid extension permission: mozillaAddons
1574724368693	addons.webextension.screenshots@mozilla.org	WARN	Loading extension 'screenshots@mozilla.org': Reading manifest: Invalid extension permission: telemetry
1574724368693	addons.webextension.screenshots@mozilla.org	WARN	Loading extension 'screenshots@mozilla.org': Reading manifest: Invalid extension permission: resource://pdf.js/
1574724368693	addons.webextension.screenshots@mozilla.org	WARN	Loading extension 'screenshots@mozilla.org': Reading manifest: Invalid extension permission: about:reader*
1574724369964	Marionette	INFO	Listening on port 36877
1574724370055	Marionette	WARN	TLS certificate errors will be ignored for this session
SourceActor threw an exception: [Exception... "Failed to open input source 'file:///'"  nsresult: "0x80520015 (NS_ERROR_FILE_ACCESS_DENIED)"  location: "JS frame :: resource://devtools/shared/DevToolsUtils.js :: mainThreadFetch/< :: line 678"  data: yes]
Stack: mainThreadFetch/<@resource://devtools/shared/DevToolsUtils.js:678:15
mainThreadFetch@resource://devtools/shared/DevToolsUtils.js:530:10
_fetchURLContents@resource://devtools/server/actors/utils/TabSources.js:580:22
urlContents@resource://devtools/server/actors/utils/TabSources.js:547:17
_resurrectSource@resource://devtools/server/actors/thread.js:2033:69
addAllSources@resource://devtools/server/actors/thread.js:1334:14
onSources@resource://devtools/server/actors/thread.js:1340:10
onPacket@resource://devtools/server/debugger-server-connection.js:378:58
receiveMessage@resource://devtools/shared/transport/child-transport.js:66:16
Line: 678, column: 0
console.error: ({})
JavaScript error: resource://devtools/shared/DevToolsUtils.js, line 678: NS_ERROR_FILE_ACCESS_DENIED: Failed to open input source 'file:///'
[Parent 7611, Gecko_IOThread] WARNING: pipe error (76): Соединение разорвано другой стороной: file /build/firefox-Jk4LV5/firefox-70.0.1+linuxmint1+tina/ipc/chromium/src/chrome/common/ipc_channel_posix.cc, line 358
1574724555730	Marionette	INFO	Stopped listening on port 36877
1574724718904	mozrunner::runner	INFO	Running command: "/usr/bin/firefox" "-marionette" "-foreground" "-no-remote" "-profile" "/tmp/rust_mozprofilensn7uJ"
1574724719253	addons.webextension.screenshots@mozilla.org	WARN	Loading extension 'screenshots@mozilla.org': Reading manifest: Invalid extension permission: mozillaAddons
1574724719253	addons.webextension.screenshots@mozilla.org	WARN	Loading extension 'screenshots@mozilla.org': Reading manifest: Invalid extension permission: telemetry
1574724719254	addons.webextension.screenshots@mozilla.org	WARN	Loading extension 'screenshots@mozilla.org': Reading manifest: Invalid extension permission: resource://pdf.js/
1574724719254	addons.webextension.screenshots@mozilla.org	WARN	Loading extension 'screenshots@mozilla.org': Reading manifest: Invalid extension permission: about:reader*
1574724720529	Marionette	INFO	Listening on port 37813
1574724720611	Marionette	WARN	TLS certificate errors will be ignored for this session
1574724747708	Marionette	INFO	Stopped listening on port 37813
[Parent 7951, Gecko_IOThread] WARNING: pipe error (77): Соединение разорвано другой стороной: file /build/firefox-Jk4LV5/firefox-70.0.1+linuxmint1+tina/ipc/chromium/src/chrome/common/ipc_channel_posix.cc, line 358
1574724959639	mozrunner::runner	INFO	Running command: "/usr/bin/firefox" "-marionette" "-foreground" "-no-remote" "-profile" "/tmp/rust_mozprofileGDEP3P"
1574724959986	addons.webextension.screenshots@mozilla.org	WARN	Loading extension 'screenshots@mozilla.org': Reading manifest: Invalid extension permission: mozillaAddons
1574724959986	addons.webextension.screenshots@mozilla.org	WARN	Loading extension 'screenshots@mozilla.org': Reading manifest: Invalid extension permission: telemetry
1574724959986	addons.webextension.screenshots@mozilla.org	WARN	Loading extension 'screenshots@mozilla.org': Reading manifest: Invalid extension permission: resource://pdf.js/
1574724959986	addons.webextension.screenshots@mozilla.org	WARN	Loading extension 'screenshots@mozilla.org': Reading manifest: Invalid extension permission: about:reader*
1574724961539	Marionette	INFO	Listening on port 45027
1574724961545	Marionette	WARN	TLS certificate errors will be ignored for this session
1574725029963	Marionette	INFO	Stopped listening on port 45027
[Parent 8246, Gecko_IOThread] WARNING: pipe error (76): Соединение разорвано другой стороной: file /build/firefox-Jk4LV5/firefox-70.0.1+linuxmint1+tina/ipc/chromium/src/chrome/common/ipc_channel_posix.cc, line 358

###!!! [Child][RunMessage] Error: Channel closing: too late to send/recv, messages will be lost


###!!! [Child][RunMessage] Error: Channel closing: too late to send/recv, messages will be lost


###!!! [Child][RunMessage] Error: Channel closing: too late to send/recv, messages will be lost

1574725216249	mozrunner::runner	INFO	Running command: "/usr/bin/firefox" "-marionette" "-foreground" "-no-remote" "-profile" "/tmp/rust_mozprofilezjO0YJ"
1574725216594	addons.webextension.screenshots@mozilla.org	WARN	Loading extension 'screenshots@mozilla.org': Reading manifest: Invalid extension permission: mozillaAddons
1574725216594	addons.webextension.screenshots@mozilla.org	WARN	Loading extension 'screenshots@mozilla.org': Reading manifest: Invalid extension permission: telemetry
1574725216594	addons.webextension.screenshots@mozilla.org	WARN	Loading extension 'screenshots@mozilla.org': Reading manifest: Invalid extension permission: resource://pdf.js/
1574725216594	addons.webextension.screenshots@mozilla.org	WARN	Loading extension 'screenshots@mozilla.org': Reading manifest: Invalid extension permission: about:reader*
1574725218132	Marionette	INFO	Listening on port 40365
1574725218170	Marionette	WARN	TLS certificate errors will be ignored for this session
1574725270449	Marionette	INFO	Stopped listening on port 40365
[Parent 8536, Gecko_IOThread] WARNING: pipe error (76): Соединение разорвано другой стороной: file /build/firefox-Jk4LV5/firefox-70.0.1+linuxmint1+tina/ipc/chromium/src/chrome/common/ipc_channel_posix.cc, line 358
1574725316288	mozrunner::runner	INFO	Running command: "/usr/bin/firefox" "-marionette" "-foreground" "-no-remote" "-profile" "/tmp/rust_mozprofileWZHo6o"
1574725316650	addons.webextension.screenshots@mozilla.org	WARN	Loading extension 'screenshots@mozilla.org': Reading manifest: Invalid extension permission: mozillaAddons
1574725316650	addons.webextension.screenshots@mozilla.org	WARN	Loading extension 'screenshots@mozilla.org': Reading manifest: Invalid extension permission: telemetry
1574725316651	addons.webextension.screenshots@mozilla.org	WARN	Loading extension 'screenshots@mozilla.org': Reading manifest: Invalid extension permission: resource://pdf.js/
1574725316651	addons.webextension.screenshots@mozilla.org	WARN	Loading extension 'screenshots@mozilla.org': Reading manifest: Invalid extension permission: about:reader*
1574725317935	Marionette	INFO	Listening on port 44905
1574725317995	Marionette	WARN	TLS certificate errors will be ignored for this session
1574725380307	Marionette	INFO	Stopped listening on port 44905
[Parent 8766, Gecko_IOThread] WARNING: pipe error (76): Соединение разорвано другой стороной: file /build/firefox-Jk4LV5/firefox-70.0.1+linuxmint1+tina/ipc/chromium/src/chrome/common/ipc_channel_posix.cc, line 358
1574725466875	mozrunner::runner	INFO	Running command: "/usr/bin/firefox" "-marionette" "-foreground" "-no-remote" "-profile" "/tmp/rust_mozprofilej0ctSi"
1574725467226	addons.webextension.screenshots@mozilla.org	WARN	Loading extension 'screenshots@mozilla.org': Reading manifest: Invalid extension permission: mozillaAddons
1574725467226	addons.webextension.screenshots@mozilla.org	WARN	Loading extension 'screenshots@mozilla.org': Reading manifest: Invalid extension permission: telemetry
1574725467226	addons.webextension.screenshots@mozilla.org	WARN	Loading extension 'screenshots@mozilla.org': Reading manifest: Invalid extension permission: resource://pdf.js/
1574725467226	addons.webextension.screenshots@mozilla.org	WARN	Loading extension 'screenshots@mozilla.org': Reading manifest: Invalid extension permission: about:reader*
1574725468587	Marionette	INFO	Listening on port 38213
1574725468693	Marionette	WARN	TLS certificate errors will be ignored for this session
1574725484719	Marionette	INFO	Stopped listening on port 38213
[Parent 9059, Gecko_IOThread] WARNING: pipe error (84): Соединение разорвано другой стороной: file /build/firefox-Jk4LV5/firefox-70.0.1+linuxmint1+tina/ipc/chromium/src/chrome/common/ipc_channel_posix.cc, line 358
1574725516690	mozrunner::runner	INFO	Running command: "/usr/bin/firefox" "-marionette" "-foreground" "-no-remote" "-profile" "/tmp/rust_mozprofile6a6Rxf"
1574725517028	addons.webextension.screenshots@mozilla.org	WARN	Loading extension 'screenshots@mozilla.org': Reading manifest: Invalid extension permission: mozillaAddons
1574725517028	addons.webextension.screenshots@mozilla.org	WARN	Loading extension 'screenshots@mozilla.org': Reading manifest: Invalid extension permission: telemetry
1574725517028	addons.webextension.screenshots@mozilla.org	WARN	Loading extension 'screenshots@mozilla.org': Reading manifest: Invalid extension permission: resource://pdf.js/
1574725517028	addons.webextension.screenshots@mozilla.org	WARN	Loading extension 'screenshots@mozilla.org': Reading manifest: Invalid extension permission: about:reader*
1574725518477	Marionette	INFO	Listening on port 37647
1574725518495	Marionette	WARN	TLS certificate errors will be ignored for this session
1574725561292	Marionette	INFO	Stopped listening on port 37647
1574725781130	mozrunner::runner	INFO	Running command: "/usr/bin/firefox" "-marionette" "-foreground" "-no-remote" "-profile" "/tmp/rust_mozprofileBx7eV2"
1574725781493	addons.webextension.screenshots@mozilla.org	WARN	Loading extension 'screenshots@mozilla.org': Reading manifest: Invalid extension permission: mozillaAddons
1574725781493	addons.webextension.screenshots@mozilla.org	WARN	Loading extension 'screenshots@mozilla.org': Reading manifest: Invalid extension permission: telemetry
1574725781494	addons.webextension.screenshots@mozilla.org	WARN	Loading extension 'screenshots@mozilla.org': Reading manifest: Invalid extension permission: resource://pdf.js/
1574725781494	addons.webextension.screenshots@mozilla.org	WARN	Loading extension 'screenshots@mozilla.org': Reading manifest: Invalid extension permission: about:reader*
1574725783063	Marionette	INFO	Listening on port 33479
1574725783137	Marionette	WARN	TLS certificate errors will be ignored for this session
1574725971539	mozrunner::runner	INFO	Running command: "/usr/bin/firefox" "-marionette" "-foreground" "-no-remote" "-profile" "/tmp/rust_mozprofileulxgNF"
1574725971880	addons.webextension.screenshots@mozilla.org	WARN	Loading extension 'screenshots@mozilla.org': Reading manifest: Invalid extension permission: mozillaAddons
1574725971881	addons.webextension.screenshots@mozilla.org	WARN	Loading extension 'screenshots@mozilla.org': Reading manifest: Invalid extension permission: telemetry
1574725971881	addons.webextension.screenshots@mozilla.org	WARN	Loading extension 'screenshots@mozilla.org': Reading manifest: Invalid extension permission: resource://pdf.js/
1574725971881	addons.webextension.screenshots@mozilla.org	WARN	Loading extension 'screenshots@mozilla.org': Reading manifest: Invalid extension permission: about:reader*
1574725973465	Marionette	INFO	Listening on port 41279
1574725973548	Marionette	WARN	TLS certificate errors will be ignored for this session
SourceActor threw an exception: [Exception... "Failed to open input source 'file:///'"  nsresult: "0x80520015 (NS_ERROR_FILE_ACCESS_DENIED)"  location: "JS frame :: resource://devtools/shared/DevToolsUtils.js :: mainThreadFetch/< :: line 678"  data: yes]
Stack: mainThreadFetch/<@resource://devtools/shared/DevToolsUtils.js:678:15
mainThreadFetch@resource://devtools/shared/DevToolsUtils.js:530:10
_fetchURLContents@resource://devtools/server/actors/utils/TabSources.js:580:22
urlContents@resource://devtools/server/actors/utils/TabSources.js:547:17
_resurrectSource@resource://devtools/server/actors/thread.js:2033:69
addAllSources@resource://devtools/server/actors/thread.js:1334:14
onSources@resource://devtools/server/actors/thread.js:1340:10
onPacket@resource://devtools/server/debugger-server-connection.js:378:58
receiveMessage@resource://devtools/shared/transport/child-transport.js:66:16
Line: 678, column: 0
console.error: ({})
JavaScript error: resource://devtools/shared/DevToolsUtils.js, line 678: NS_ERROR_FILE_ACCESS_DENIED: Failed to open input source 'file:///'
[Parent 9879, Gecko_IOThread] WARNING: pipe error (76): Соединение разорвано другой стороной: file /build/firefox-Jk4LV5/firefox-70.0.1+linuxmint1+tina/ipc/chromium/src/chrome/common/ipc_channel_posix.cc, line 358
[Parent 9879, Gecko_IOThread] WARNING: pipe error (79): Соединение разорвано другой стороной: file /build/firefox-Jk4LV5/firefox-70.0.1+linuxmint1+tina/ipc/chromium/src/chrome/common/ipc_channel_posix.cc, line 358
1574726201472	Marionette	INFO	Stopped listening on port 41279
[Parent 9609, Gecko_IOThread] WARNING: pipe error (76): Соединение разорвано другой стороной: file /build/firefox-Jk4LV5/firefox-70.0.1+linuxmint1+tina/ipc/chromium/src/chrome/common/ipc_channel_posix.cc, line 358
1574726207690	Marionette	INFO	Stopped listening on port 33479
1574726209785	mozrunner::runner	INFO	Running command: "/usr/bin/firefox" "-marionette" "-foreground" "-no-remote" "-profile" "/tmp/rust_mozprofileFeZe2Z"
1574726210204	addons.webextension.screenshots@mozilla.org	WARN	Loading extension 'screenshots@mozilla.org': Reading manifest: Invalid extension permission: mozillaAddons
1574726210204	addons.webextension.screenshots@mozilla.org	WARN	Loading extension 'screenshots@mozilla.org': Reading manifest: Invalid extension permission: telemetry
1574726210204	addons.webextension.screenshots@mozilla.org	WARN	Loading extension 'screenshots@mozilla.org': Reading manifest: Invalid extension permission: resource://pdf.js/
1574726210205	addons.webextension.screenshots@mozilla.org	WARN	Loading extension 'screenshots@mozilla.org': Reading manifest: Invalid extension permission: about:reader*
1574726211763	Marionette	INFO	Listening on port 44739
1574726211795	Marionette	WARN	TLS certificate errors will be ignored for this session
[Parent 10188, Gecko_IOThread] WARNING: pipe error (76): Соединение разорвано другой стороной: file /build/firefox-Jk4LV5/firefox-70.0.1+linuxmint1+tina/ipc/chromium/src/chrome/common/ipc_channel_posix.cc, line 358
[Parent 10188, Gecko_IOThread] WARNING: pipe error (79): Соединение разорвано другой стороной: file /build/firefox-Jk4LV5/firefox-70.0.1+linuxmint1+tina/ipc/chromium/src/chrome/common/ipc_channel_posix.cc, line 358
1574726299122	Marionette	INFO	Stopped listening on port 44739
1574726343182	mozrunner::runner	INFO	Running command: "/usr/bin/firefox" "-marionette" "-foreground" "-no-remote" "-profile" "/tmp/rust_mozprofiless1lCg"
1574726343529	addons.webextension.screenshots@mozilla.org	WARN	Loading extension 'screenshots@mozilla.org': Reading manifest: Invalid extension permission: mozillaAddons
1574726343530	addons.webextension.screenshots@mozilla.org	WARN	Loading extension 'screenshots@mozilla.org': Reading manifest: Invalid extension permission: telemetry
1574726343530	addons.webextension.screenshots@mozilla.org	WARN	Loading extension 'screenshots@mozilla.org': Reading manifest: Invalid extension permission: resource://pdf.js/
1574726343530	addons.webextension.screenshots@mozilla.org	WARN	Loading extension 'screenshots@mozilla.org': Reading manifest: Invalid extension permission: about:reader*
1574726345001	Marionette	INFO	Listening on port 45255
1574726345087	Marionette	WARN	TLS certificate errors will be ignored for this session
SourceActor threw an exception: [Exception... "Failed to open input source 'file:///'"  nsresult: "0x80520015 (NS_ERROR_FILE_ACCESS_DENIED)"  location: "JS frame :: resource://devtools/shared/DevToolsUtils.js :: mainThreadFetch/< :: line 678"  data: yes]
Stack: mainThreadFetch/<@resource://devtools/shared/DevToolsUtils.js:678:15
mainThreadFetch@resource://devtools/shared/DevToolsUtils.js:530:10
_fetchURLContents@resource://devtools/server/actors/utils/TabSources.js:580:22
urlContents@resource://devtools/server/actors/utils/TabSources.js:547:17
_resurrectSource@resource://devtools/server/actors/thread.js:2033:69
addAllSources@resource://devtools/server/actors/thread.js:1334:14
onSources@resource://devtools/server/actors/thread.js:1340:10
onPacket@resource://devtools/server/debugger-server-connection.js:378:58
receiveMessage@resource://devtools/shared/transport/child-transport.js:66:16
Line: 678, column: 0
console.error: ({})
JavaScript error: resource://devtools/shared/DevToolsUtils.js, line 678: NS_ERROR_FILE_ACCESS_DENIED: Failed to open input source 'file:///'
JavaScript error: resource://devtools/shared/protocol/Front.js, line 81: Error: Connection closed, pending request to server0.conn0.child1/domnode70, type setNodeValue failed

Request stack:
request@resource://devtools/shared/protocol/Front.js:176:14
generateRequestMethods/</frontProto[name]@resource://devtools/shared/protocol/Front/FrontClassWithSpec.js:49:19
showTextEditor/done/</<@resource://devtools/client/inspector/markup/views/text-editor.js:101:25
do@resource://devtools/client/shared/undo.js:70:16
endBatch@resource://devtools/client/shared/undo.js:81:11
do@resource://devtools/client/shared/undo.js:94:10
showTextEditor/done/<@resource://devtools/client/inspector/markup/views/text-editor.js:99:31
process@resource://gre/modules/Promise-backend.js:961:38
walkerLoop@resource://gre/modules/Promise-backend.js:845:29
scheduleWalkerLoop/<@resource://gre/modules/Promise-backend.js:778:14

[Parent 10487, Gecko_IOThread] WARNING: pipe error (76): Соединение разорвано другой стороной: file /build/firefox-Jk4LV5/firefox-70.0.1+linuxmint1+tina/ipc/chromium/src/chrome/common/ipc_channel_posix.cc, line 358
1574726475983	Marionette	INFO	Stopped listening on port 45255
1574726488745	mozrunner::runner	INFO	Running command: "/usr/bin/firefox" "-marionette" "-foreground" "-no-remote" "-profile" "/tmp/rust_mozprofileNbvrJ3"
1574726489074	addons.webextension.screenshots@mozilla.org	WARN	Loading extension 'screenshots@mozilla.org': Reading manifest: Invalid extension permission: mozillaAddons
1574726489075	addons.webextension.screenshots@mozilla.org	WARN	Loading extension 'screenshots@mozilla.org': Reading manifest: Invalid extension permission: telemetry
1574726489075	addons.webextension.screenshots@mozilla.org	WARN	Loading extension 'screenshots@mozilla.org': Reading manifest: Invalid extension permission: resource://pdf.js/
1574726489075	addons.webextension.screenshots@mozilla.org	WARN	Loading extension 'screenshots@mozilla.org': Reading manifest: Invalid extension permission: about:reader*
1574726490570	Marionette	INFO	Listening on port 39183
1574726490650	Marionette	WARN	TLS certificate errors will be ignored for this session
1574726506008	Marionette	INFO	Stopped listening on port 39183
1574726525233	mozrunner::runner	INFO	Running command: "/usr/bin/firefox" "-marionette" "-foreground" "-no-remote" "-profile" "/tmp/rust_mozprofileDC5ulN"
1574726525602	addons.webextension.screenshots@mozilla.org	WARN	Loading extension 'screenshots@mozilla.org': Reading manifest: Invalid extension permission: mozillaAddons
1574726525602	addons.webextension.screenshots@mozilla.org	WARN	Loading extension 'screenshots@mozilla.org': Reading manifest: Invalid extension permission: telemetry
1574726525602	addons.webextension.screenshots@mozilla.org	WARN	Loading extension 'screenshots@mozilla.org': Reading manifest: Invalid extension permission: resource://pdf.js/
1574726525602	addons.webextension.screenshots@mozilla.org	WARN	Loading extension 'screenshots@mozilla.org': Reading manifest: Invalid extension permission: about:reader*
1574726526889	Marionette	INFO	Listening on port 39895
1574726526938	Marionette	WARN	TLS certificate errors will be ignored for this session
[Parent 10996, Gecko_IOThread] WARNING: pipe error (76): Соединение разорвано другой стороной: file /build/firefox-Jk4LV5/firefox-70.0.1+linuxmint1+tina/ipc/chromium/src/chrome/common/ipc_channel_posix.cc, line 358
[Parent 10996, Gecko_IOThread] WARNING: pipe error (84): Соединение разорвано другой стороной: file /build/firefox-Jk4LV5/firefox-70.0.1+linuxmint1+tina/ipc/chromium/src/chrome/common/ipc_channel_posix.cc, line 358
[Parent 10996, Gecko_IOThread] WARNING: pipe error (114): Соединение разорвано другой стороной: file /build/firefox-Jk4LV5/firefox-70.0.1+linuxmint1+tina/ipc/chromium/src/chrome/common/ipc_channel_posix.cc, line 358
1574726609381	Marionette	INFO	Stopped listening on port 39895
1574726614083	mozrunner::runner	INFO	Running command: "/usr/bin/firefox" "-marionette" "-foreground" "-no-remote" "-profile" "/tmp/rust_mozprofileRyhcWD"
1574726614440	addons.webextension.screenshots@mozilla.org	WARN	Loading extension 'screenshots@mozilla.org': Reading manifest: Invalid extension permission: mozillaAddons
1574726614440	addons.webextension.screenshots@mozilla.org	WARN	Loading extension 'screenshots@mozilla.org': Reading manifest: Invalid extension permission: telemetry
1574726614440	addons.webextension.screenshots@mozilla.org	WARN	Loading extension 'screenshots@mozilla.org': Reading manifest: Invalid extension permission: resource://pdf.js/
1574726614441	addons.webextension.screenshots@mozilla.org	WARN	Loading extension 'screenshots@mozilla.org': Reading manifest: Invalid extension permission: about:reader*
1574726615799	Marionette	INFO	Listening on port 37207
1574726615893	Marionette	WARN	TLS certificate errors will be ignored for this session
1574726801808	mozrunner::runner	INFO	Running command: "/usr/bin/firefox" "-marionette" "-foreground" "-no-remote" "-profile" "/tmp/rust_mozprofileaPtO7P"
1574726802161	addons.webextension.screenshots@mozilla.org	WARN	Loading extension 'screenshots@mozilla.org': Reading manifest: Invalid extension permission: mozillaAddons
1574726802161	addons.webextension.screenshots@mozilla.org	WARN	Loading extension 'screenshots@mozilla.org': Reading manifest: Invalid extension permission: telemetry
1574726802161	addons.webextension.screenshots@mozilla.org	WARN	Loading extension 'screenshots@mozilla.org': Reading manifest: Invalid extension permission: resource://pdf.js/
1574726802161	addons.webextension.screenshots@mozilla.org	WARN	Loading extension 'screenshots@mozilla.org': Reading manifest: Invalid extension permission: about:reader*
1574726803803	Marionette	INFO	Listening on port 34261
1574726803835	Marionette	WARN	TLS certificate errors will be ignored for this session
[Parent 11773, Gecko_IOThread] WARNING: pipe error (76): Соединение разорвано другой стороной: file /build/firefox-Jk4LV5/firefox-70.0.1+linuxmint1+tina/ipc/chromium/src/chrome/common/ipc_channel_posix.cc, line 358
[Parent 11240, Gecko_IOThread] WARNING: pipe error (77): Соединение разорвано другой стороной: file /build/firefox-Jk4LV5/firefox-70.0.1+linuxmint1+tina/ipc/chromium/src/chrome/common/ipc_channel_posix.cc, line 358
[Parent 11240, Gecko_IOThread] WARNING: pipe error (117): Соединение разорвано другой стороной: file /build/firefox-Jk4LV5/firefox-70.0.1+linuxmint1+tina/ipc/chromium/src/chrome/common/ipc_channel_posix.cc, line 358
1574726939803	Marionette	INFO	Stopped listening on port 34261
1574726939805	Marionette	INFO	Stopped listening on port 37207
1574726942236	mozrunner::runner	INFO	Running command: "/usr/bin/firefox" "-marionette" "-foreground" "-no-remote" "-profile" "/tmp/rust_mozprofileys1ZDA"
1574726942586	addons.webextension.screenshots@mozilla.org	WARN	Loading extension 'screenshots@mozilla.org': Reading manifest: Invalid extension permission: mozillaAddons
1574726942586	addons.webextension.screenshots@mozilla.org	WARN	Loading extension 'screenshots@mozilla.org': Reading manifest: Invalid extension permission: telemetry
1574726942587	addons.webextension.screenshots@mozilla.org	WARN	Loading extension 'screenshots@mozilla.org': Reading manifest: Invalid extension permission: resource://pdf.js/
1574726942587	addons.webextension.screenshots@mozilla.org	WARN	Loading extension 'screenshots@mozilla.org': Reading manifest: Invalid extension permission: about:reader*
1574726944112	Marionette	INFO	Listening on port 39957
1574726944152	Marionette	WARN	TLS certificate errors will be ignored for this session
[Parent 12064, Gecko_IOThread] WARNING: pipe error (76): Соединение разорвано другой стороной: file /build/firefox-Jk4LV5/firefox-70.0.1+linuxmint1+tina/ipc/chromium/src/chrome/common/ipc_channel_posix.cc, line 358
[Parent 12064, Gecko_IOThread] WARNING: pipe error (93): Соединение разорвано другой стороной: file /build/firefox-Jk4LV5/firefox-70.0.1+linuxmint1+tina/ipc/chromium/src/chrome/common/ipc_channel_posix.cc, line 358
1574727524941	Marionette	INFO	Stopped listening on port 39957
1574727975799	mozrunner::runner	INFO	Running command: "/usr/bin/firefox" "-marionette" "-foreground" "-no-remote" "-profile" "/tmp/rust_mozprofilev1W0rg"
1574727976159	addons.webextension.screenshots@mozilla.org	WARN	Loading extension 'screenshots@mozilla.org': Reading manifest: Invalid extension permission: mozillaAddons
1574727976159	addons.webextension.screenshots@mozilla.org	WARN	Loading extension 'screenshots@mozilla.org': Reading manifest: Invalid extension permission: telemetry
1574727976159	addons.webextension.screenshots@mozilla.org	WARN	Loading extension 'screenshots@mozilla.org': Reading manifest: Invalid extension permission: resource://pdf.js/
1574727976159	addons.webextension.screenshots@mozilla.org	WARN	Loading extension 'screenshots@mozilla.org': Reading manifest: Invalid extension permission: about:reader*
1574727977631	Marionette	INFO	Listening on port 33151
1574727977706	Marionette	WARN	TLS certificate errors will be ignored for this session
[Parent 12662, Gecko_IOThread] WARNING: pipe error (76): Соединение разорвано другой стороной: file /build/firefox-Jk4LV5/firefox-70.0.1+linuxmint1+tina/ipc/chromium/src/chrome/common/ipc_channel_posix.cc, line 358
[Parent 12662, Gecko_IOThread] WARNING: pipe error (77): Соединение разорвано другой стороной: file /build/firefox-Jk4LV5/firefox-70.0.1+linuxmint1+tina/ipc/chromium/src/chrome/common/ipc_channel_posix.cc, line 358
1574728342100	Marionette	INFO	Stopped listening on port 33151
1574728377023	mozrunner::runner	INFO	Running command: "/usr/bin/firefox" "-marionette" "-foreground" "-no-remote" "-profile" "/tmp/rust_mozprofilefH53c4"
1574728377375	addons.webextension.screenshots@mozilla.org	WARN	Loading extension 'screenshots@mozilla.org': Reading manifest: Invalid extension permission: mozillaAddons
1574728377375	addons.webextension.screenshots@mozilla.org	WARN	Loading extension 'screenshots@mozilla.org': Reading manifest: Invalid extension permission: telemetry
1574728377375	addons.webextension.screenshots@mozilla.org	WARN	Loading extension 'screenshots@mozilla.org': Reading manifest: Invalid extension permission: resource://pdf.js/
1574728377375	addons.webextension.screenshots@mozilla.org	WARN	Loading extension 'screenshots@mozilla.org': Reading manifest: Invalid extension permission: about:reader*
1574728378968	Marionette	INFO	Listening on port 42023
1574728379029	Marionette	WARN	TLS certificate errors will be ignored for this session
IPDL protocol error: Handler returned error code!

###!!! [Parent][DispatchAsyncMessage] Error: PLayerTransaction::Msg_ReleaseLayer Processing error: message was deserialized, but the handler returned false (indicating failure)

[Parent 13060, Gecko_IOThread] WARNING: pipe error (116): Соединение разорвано другой стороной: file /build/firefox-Jk4LV5/firefox-70.0.1+linuxmint1+tina/ipc/chromium/src/chrome/common/ipc_channel_posix.cc, line 358
1574728422369	Marionette	INFO	Stopped listening on port 42023
1574728540976	mozrunner::runner	INFO	Running command: "/usr/bin/firefox" "-marionette" "-foreground" "-no-remote" "-profile" "/tmp/rust_mozprofilekpbois"
1574728541320	addons.webextension.screenshots@mozilla.org	WARN	Loading extension 'screenshots@mozilla.org': Reading manifest: Invalid extension permission: mozillaAddons
1574728541320	addons.webextension.screenshots@mozilla.org	WARN	Loading extension 'screenshots@mozilla.org': Reading manifest: Invalid extension permission: telemetry
1574728541320	addons.webextension.screenshots@mozilla.org	WARN	Loading extension 'screenshots@mozilla.org': Reading manifest: Invalid extension permission: resource://pdf.js/
1574728541320	addons.webextension.screenshots@mozilla.org	WARN	Loading extension 'screenshots@mozilla.org': Reading manifest: Invalid extension permission: about:reader*
1574728542880	Marionette	INFO	Listening on port 38743
1574728542884	Marionette	WARN	TLS certificate errors will be ignored for this session
Exiting due to channel error.
Exiting due to channel error.
Exiting due to channel error.
1574729394720	mozrunner::runner	INFO	Running command: "/usr/bin/firefox" "-marionette" "-foreground" "-no-remote" "-profile" "/tmp/rust_mozprofileBWb5og"
1574729395052	addons.webextension.screenshots@mozilla.org	WARN	Loading extension 'screenshots@mozilla.org': Reading manifest: Invalid extension permission: mozillaAddons
1574729395052	addons.webextension.screenshots@mozilla.org	WARN	Loading extension 'screenshots@mozilla.org': Reading manifest: Invalid extension permission: telemetry
1574729395052	addons.webextension.screenshots@mozilla.org	WARN	Loading extension 'screenshots@mozilla.org': Reading manifest: Invalid extension permission: resource://pdf.js/
1574729395052	addons.webextension.screenshots@mozilla.org	WARN	Loading extension 'screenshots@mozilla.org': Reading manifest: Invalid extension permission: about:reader*
1574729396702	Marionette	INFO	Listening on port 43129
1574729396728	Marionette	WARN	TLS certificate errors will be ignored for this session
IPDL protocol error: Handler returned error code!

###!!! [Parent][DispatchAsyncMessage] Error: PLayerTransaction::Msg_ReleaseLayer Processing error: message was deserialized, but the handler returned false (indicating failure)

[Child 14519, Chrome_ChildThread] WARNING: pipe error (3): Соединение разорвано другой стороной: file /build/firefox-Jk4LV5/firefox-70.0.1+linuxmint1+tina/ipc/chromium/src/chrome/common/ipc_channel_posix.cc, line 358
[Parent 14434, Gecko_IOThread] WARNING: pipe error (138): Соединение разорвано другой стороной: file /build/firefox-Jk4LV5/firefox-70.0.1+linuxmint1+tina/ipc/chromium/src/chrome/common/ipc_channel_posix.cc, line 358
1574729433091	Marionette	INFO	Stopped listening on port 43129
1574729641170	mozrunner::runner	INFO	Running command: "/usr/bin/firefox" "-marionette" "-foreground" "-no-remote" "-profile" "/tmp/rust_mozprofileq4oYCh"
1574729641535	addons.webextension.screenshots@mozilla.org	WARN	Loading extension 'screenshots@mozilla.org': Reading manifest: Invalid extension permission: mozillaAddons
1574729641535	addons.webextension.screenshots@mozilla.org	WARN	Loading extension 'screenshots@mozilla.org': Reading manifest: Invalid extension permission: telemetry
1574729641535	addons.webextension.screenshots@mozilla.org	WARN	Loading extension 'screenshots@mozilla.org': Reading manifest: Invalid extension permission: resource://pdf.js/
1574729641535	addons.webextension.screenshots@mozilla.org	WARN	Loading extension 'screenshots@mozilla.org': Reading manifest: Invalid extension permission: about:reader*
1574729642901	Marionette	INFO	Listening on port 44729
1574729642978	Marionette	WARN	TLS certificate errors will be ignored for this session
1574729655743	Marionette	INFO	Stopped listening on port 44729
